  Main.cpp
  Pong.cpp
C:\Users\Sam\Desktop\PongEngine\PongEngine\PongEngine\Pong.cpp(45,16): warning C4244: 'argument': conversion from 'int' to 'float', possible loss of data
C:\Users\Sam\Desktop\PongEngine\PongEngine\PongEngine\Pong.cpp(46,16): warning C4244: 'argument': conversion from 'int' to 'float', possible loss of data
C:\Users\Sam\Desktop\PongEngine\PongEngine\PongEngine\Pong.cpp(101,27): warning C4305: 'argument': truncation from 'double' to 'float'
C:\Users\Sam\Desktop\PongEngine\PongEngine\PongEngine\Pong.cpp(102,30): warning C4305: 'argument': truncation from 'double' to 'float'
C:\Users\Sam\Desktop\PongEngine\PongEngine\PongEngine\Pong.cpp(111,27): warning C4305: 'argument': truncation from 'double' to 'float'
C:\Users\Sam\Desktop\PongEngine\PongEngine\PongEngine\Pong.cpp(112,30): warning C4305: 'argument': truncation from 'double' to 'float'
  Renderer.cpp
C:\Users\Sam\Desktop\PongEngine\PongEngine\PongEngine\Renderer.cpp(61,9): warning C4244: 'initializing': conversion from 'float' to 'int', possible loss of data
C:\Users\Sam\Desktop\PongEngine\PongEngine\PongEngine\Renderer.cpp(62,9): warning C4244: 'initializing': conversion from 'float' to 'int', possible loss of data
C:\Users\Sam\Desktop\PongEngine\PongEngine\PongEngine\Renderer.cpp(63,9): warning C4244: 'initializing': conversion from 'float' to 'int', possible loss of data
C:\Users\Sam\Desktop\PongEngine\PongEngine\PongEngine\Renderer.cpp(64,9): warning C4244: 'initializing': conversion from 'float' to 'int', possible loss of data
C:\Users\Sam\Desktop\PongEngine\PongEngine\PongEngine\Renderer.cpp(84,28): warning C4244: 'argument': conversion from 'int' to 'float', possible loss of data
C:\Users\Sam\Desktop\PongEngine\PongEngine\PongEngine\Renderer.cpp(85,28): warning C4244: 'argument': conversion from 'int' to 'float', possible loss of data
C:\Users\Sam\Desktop\PongEngine\PongEngine\PongEngine\Renderer.cpp(86,18): warning C4244: 'argument': conversion from 'int' to 'float', possible loss of data
C:\Users\Sam\Desktop\PongEngine\PongEngine\PongEngine\Renderer.cpp(87,18): warning C4244: 'argument': conversion from 'int' to 'float', possible loss of data
C:\Users\Sam\Desktop\PongEngine\PongEngine\PongEngine\Renderer.cpp(88,14): warning C4244: '-=': conversion from 'float' to 'int', possible loss of data
C:\Users\Sam\Desktop\PongEngine\PongEngine\PongEngine\Renderer.cpp(93,28): warning C4244: 'argument': conversion from 'int' to 'float', possible loss of data
C:\Users\Sam\Desktop\PongEngine\PongEngine\PongEngine\Renderer.cpp(94,14): warning C4244: '-=': conversion from 'float' to 'int', possible loss of data
C:\Users\Sam\Desktop\PongEngine\PongEngine\PongEngine\Renderer.cpp(99,18): warning C4244: 'argument': conversion from 'int' to 'float', possible loss of data
C:\Users\Sam\Desktop\PongEngine\PongEngine\PongEngine\Renderer.cpp(100,21): warning C4244: 'argument': conversion from 'int' to 'float', possible loss of data
C:\Users\Sam\Desktop\PongEngine\PongEngine\PongEngine\Renderer.cpp(100,18): warning C4244: 'argument': conversion from 'int' to 'float', possible loss of data
C:\Users\Sam\Desktop\PongEngine\PongEngine\PongEngine\Renderer.cpp(101,18): warning C4244: 'argument': conversion from 'int' to 'float', possible loss of data
C:\Users\Sam\Desktop\PongEngine\PongEngine\PongEngine\Renderer.cpp(104,14): warning C4244: '-=': conversion from 'float' to 'int', possible loss of data
C:\Users\Sam\Desktop\PongEngine\PongEngine\PongEngine\Renderer.cpp(110,32): warning C4244: 'argument': conversion from 'int' to 'float', possible loss of data
C:\Users\Sam\Desktop\PongEngine\PongEngine\PongEngine\Renderer.cpp(112,28): warning C4244: 'argument': conversion from 'int' to 'float', possible loss of data
C:\Users\Sam\Desktop\PongEngine\PongEngine\PongEngine\Renderer.cpp(113,14): warning C4244: '-=': conversion from 'float' to 'int', possible loss of data
C:\Users\Sam\Desktop\PongEngine\PongEngine\PongEngine\Renderer.cpp(118,28): warning C4244: 'argument': conversion from 'int' to 'float', possible loss of data
C:\Users\Sam\Desktop\PongEngine\PongEngine\PongEngine\Renderer.cpp(120,21): warning C4244: 'argument': conversion from 'int' to 'float', possible loss of data
C:\Users\Sam\Desktop\PongEngine\PongEngine\PongEngine\Renderer.cpp(120,18): warning C4244: 'argument': conversion from 'int' to 'float', possible loss of data
C:\Users\Sam\Desktop\PongEngine\PongEngine\PongEngine\Renderer.cpp(121,14): warning C4244: '-=': conversion from 'float' to 'int', possible loss of data
C:\Users\Sam\Desktop\PongEngine\PongEngine\PongEngine\Renderer.cpp(126,18): warning C4244: 'argument': conversion from 'int' to 'float', possible loss of data
C:\Users\Sam\Desktop\PongEngine\PongEngine\PongEngine\Renderer.cpp(127,21): warning C4244: 'argument': conversion from 'int' to 'float', possible loss of data
C:\Users\Sam\Desktop\PongEngine\PongEngine\PongEngine\Renderer.cpp(127,18): warning C4244: 'argument': conversion from 'int' to 'float', possible loss of data
C:\Users\Sam\Desktop\PongEngine\PongEngine\PongEngine\Renderer.cpp(128,18): warning C4244: 'argument': conversion from 'int' to 'float', possible loss of data
C:\Users\Sam\Desktop\PongEngine\PongEngine\PongEngine\Renderer.cpp(131,14): warning C4244: '-=': conversion from 'float' to 'int', possible loss of data
C:\Users\Sam\Desktop\PongEngine\PongEngine\PongEngine\Renderer.cpp(137,32): warning C4244: 'argument': conversion from 'int' to 'float', possible loss of data
C:\Users\Sam\Desktop\PongEngine\PongEngine\PongEngine\Renderer.cpp(139,28): warning C4244: 'argument': conversion from 'int' to 'float', possible loss of data
C:\Users\Sam\Desktop\PongEngine\PongEngine\PongEngine\Renderer.cpp(141,14): warning C4244: '-=': conversion from 'float' to 'int', possible loss of data
C:\Users\Sam\Desktop\PongEngine\PongEngine\PongEngine\Renderer.cpp(146,28): warning C4244: 'argument': conversion from 'int' to 'float', possible loss of data
C:\Users\Sam\Desktop\PongEngine\PongEngine\PongEngine\Renderer.cpp(148,14): warning C4244: '-=': conversion from 'float' to 'int', possible loss of data
C:\Users\Sam\Desktop\PongEngine\PongEngine\PongEngine\Renderer.cpp(153,28): warning C4244: 'argument': conversion from 'int' to 'float', possible loss of data
C:\Users\Sam\Desktop\PongEngine\PongEngine\PongEngine\Renderer.cpp(154,28): warning C4244: 'argument': conversion from 'int' to 'float', possible loss of data
C:\Users\Sam\Desktop\PongEngine\PongEngine\PongEngine\Renderer.cpp(155,18): warning C4244: 'argument': conversion from 'int' to 'float', possible loss of data
C:\Users\Sam\Desktop\PongEngine\PongEngine\PongEngine\Renderer.cpp(156,18): warning C4244: 'argument': conversion from 'int' to 'float', possible loss of data
C:\Users\Sam\Desktop\PongEngine\PongEngine\PongEngine\Renderer.cpp(157,21): warning C4244: 'argument': conversion from 'int' to 'float', possible loss of data
C:\Users\Sam\Desktop\PongEngine\PongEngine\PongEngine\Renderer.cpp(157,18): warning C4244: 'argument': conversion from 'int' to 'float', possible loss of data
C:\Users\Sam\Desktop\PongEngine\PongEngine\PongEngine\Renderer.cpp(158,14): warning C4244: '-=': conversion from 'float' to 'int', possible loss of data
C:\Users\Sam\Desktop\PongEngine\PongEngine\PongEngine\Renderer.cpp(164,32): warning C4244: 'argument': conversion from 'int' to 'float', possible loss of data
C:\Users\Sam\Desktop\PongEngine\PongEngine\PongEngine\Renderer.cpp(166,28): warning C4244: 'argument': conversion from 'int' to 'float', possible loss of data
C:\Users\Sam\Desktop\PongEngine\PongEngine\PongEngine\Renderer.cpp(168,14): warning C4244: '-=': conversion from 'float' to 'int', possible loss of data
  Generating code
  Previous IPDB not found, fall back to full compilation.
  All 22 functions were compiled because no usable IPDB/IOBJ from previous compilation was found.
  Finished generating code
  PongEngine.vcxproj -> C:\Users\Sam\Desktop\PongEngine\PongEngine\x64\Release\PongEngine.exe
